Drill report for HW.ACIM-INV.kicad_pcb
Created on 2024-05-14T20:48:31+0700

Copper Layer Stackup:
    =============================================================
    L1 :  F.Cu                      front
    L2 :  In1.Cu                    in1
    L3 :  In2.Cu                    in2
    L4 :  B.Cu                      back


Drill file 'HW.ACIM-INV-PTH-drl.gbr' contains
    plated through holes:
    =============================================================
    T1  0.300mm  0.0118"  (257 holes)
    T2  0.400mm  0.0157"  (52 holes)
    T3  0.700mm  0.0276"  (6 holes)
    T4  0.800mm  0.0315"  (2 holes)
    T5  0.900mm  0.0354"  (12 holes)
    T6  1.000mm  0.0394"  (50 holes)
    T7  1.200mm  0.0472"  (14 holes)
    T8  1.700mm  0.0669"  (4 holes)

    Total plated holes count 397


Drill file 'HW.ACIM-INV-NPTH-drl.gbr' contains
    unplated through holes:
    =============================================================
    T1  2.500mm  0.0984"  (7 holes)

    Total unplated holes count 7
